<?xml version="1.0" encoding="UTF-8"?>
<!-- Generated by org.testng.reporters.JUnitXMLReporter -->
<testsuite ignored="12" hostname="IN-39RM2J3" failures="6" tests="7" name="smokepack" time="0.999" errors="0" timestamp="2023-01-08T23:56:59 IST">
  <testcase classname="com.nagarro.SeleniumJava.tests.Test01_HomePage" name="verifyHomePageTitleTest" time="0.945">
    <failure type="java.lang.NullPointerException" message="Cannot invoke &amp;quot;com.nagarro.SeleniumJava.pages.HomePage.getTitle()&amp;quot; because &amp;quot;this.homepage&amp;quot; is null">
      <![CDATA[java.lang.NullPointerException: Cannot invoke "com.nagarro.SeleniumJava.pages.HomePage.getTitle()" because "this.homepage" is null
at com.nagarro.SeleniumJava.tests.Test01_HomePage.verifyHomePageTitleTest(Test01_HomePage.java:19)
at java.base/java.util.ArrayList.forEach(ArrayList.java:1511)
... Removed 27 stack frames]]>
    </failure>
  </testcase> <!-- verifyHomePageTitleTest -->
  <testcase classname="com.nagarro.SeleniumJava.tests.Test01_HomePage" name="verifyFlipkartLogoTest" time="0.004">
    <failure type="java.lang.NullPointerException" message="Cannot invoke &amp;quot;com.relevantcodes.extentreports.ExtentReports.startTest(String)&amp;quot; because &amp;quot;com.nagarro.SeleniumJava.tests.Test01_HomePage.extent&amp;quot; is null">
      <![CDATA[java.lang.NullPointerException: Cannot invoke "com.relevantcodes.extentreports.ExtentReports.startTest(String)" because "com.nagarro.SeleniumJava.tests.Test01_HomePage.extent" is null
at com.nagarro.SeleniumJava.tests.Test01_HomePage.verifyFlipkartLogoTest(Test01_HomePage.java:29)
at java.base/java.util.ArrayList.forEach(ArrayList.java:1511)
... Removed 27 stack frames]]>
    </failure>
  </testcase> <!-- verifyFlipkartLogoTest -->
  <testcase classname="com.nagarro.SeleniumJava.tests.Test01_HomePage" name="verifyLoginTabTest" time="0.001">
    <failure type="java.lang.NullPointerException" message="Cannot invoke &amp;quot;com.relevantcodes.extentreports.ExtentReports.startTest(String)&amp;quot; because &amp;quot;com.nagarro.SeleniumJava.tests.Test01_HomePage.extent&amp;quot; is null">
      <![CDATA[java.lang.NullPointerException: Cannot invoke "com.relevantcodes.extentreports.ExtentReports.startTest(String)" because "com.nagarro.SeleniumJava.tests.Test01_HomePage.extent" is null
at com.nagarro.SeleniumJava.tests.Test01_HomePage.verifyLoginTabTest(Test01_HomePage.java:43)
at java.base/java.util.ArrayList.forEach(ArrayList.java:1511)
... Removed 27 stack frames]]>
    </failure>
  </testcase> <!-- verifyLoginTabTest -->
  <testcase classname="com.nagarro.SeleniumJava.tests.Test01_HomePage" name="verifyBecomeASellerTabTest" time="0.002">
    <failure type="java.lang.NullPointerException" message="Cannot invoke &amp;quot;com.relevantcodes.extentreports.ExtentReports.startTest(String)&amp;quot; because &amp;quot;com.nagarro.SeleniumJava.tests.Test01_HomePage.extent&amp;quot; is null">
      <![CDATA[java.lang.NullPointerException: Cannot invoke "com.relevantcodes.extentreports.ExtentReports.startTest(String)" because "com.nagarro.SeleniumJava.tests.Test01_HomePage.extent" is null
at com.nagarro.SeleniumJava.tests.Test01_HomePage.verifyBecomeASellerTabTest(Test01_HomePage.java:57)
at java.base/java.util.ArrayList.forEach(ArrayList.java:1511)
... Removed 27 stack frames]]>
    </failure>
  </testcase> <!-- verifyBecomeASellerTabTest -->
  <testcase classname="com.nagarro.SeleniumJava.tests.Test01_HomePage" name="verifySearchProductTest" time="0.001">
    <failure type="java.lang.NullPointerException" message="Cannot invoke &amp;quot;com.relevantcodes.extentreports.ExtentReports.startTest(String)&amp;quot; because &amp;quot;com.nagarro.SeleniumJava.tests.Test01_HomePage.extent&amp;quot; is null">
      <![CDATA[java.lang.NullPointerException: Cannot invoke "com.relevantcodes.extentreports.ExtentReports.startTest(String)" because "com.nagarro.SeleniumJava.tests.Test01_HomePage.extent" is null
at com.nagarro.SeleniumJava.tests.Test01_HomePage.verifySearchProductTest(Test01_HomePage.java:68)
at java.base/java.util.ArrayList.forEach(ArrayList.java:1511)
... Removed 27 stack frames]]>
    </failure>
  </testcase> <!-- verifySearchProductTest -->
  <testcase classname="com.nagarro.SeleniumJava.tests.Test01_HomePage" name="ClickNextSlide" time="0.001">
    <failure type="java.lang.NullPointerException" message="Cannot invoke &amp;quot;com.relevantcodes.extentreports.ExtentReports.startTest(String)&amp;quot; because &amp;quot;com.nagarro.SeleniumJava.tests.Test01_HomePage.extent&amp;quot; is null">
      <![CDATA[java.lang.NullPointerException: Cannot invoke "com.relevantcodes.extentreports.ExtentReports.startTest(String)" because "com.nagarro.SeleniumJava.tests.Test01_HomePage.extent" is null
at com.nagarro.SeleniumJava.tests.Test01_HomePage.ClickNextSlide(Test01_HomePage.java:82)
at java.base/java.util.ArrayList.forEach(ArrayList.java:1511)
... Removed 27 stack frames]]>
    </failure>
  </testcase> <!-- ClickNextSlide -->
  <testcase classname="com.nagarro.SeleniumJava.tests.Test01_HomePage" name="ClickBackSlide" time="0.001">
    <skipped/>
  </testcase> <!-- ClickBackSlide -->
  <testcase classname="com.nagarro.SeleniumJava.tests.Test02_RegisterPage" name="CreateNewuser" time="0.0">
    <ignored/>
  </testcase> <!-- CreateNewuser -->
  <testcase classname="com.nagarro.SeleniumJava.tests.Test03_ProductPage" name="productSearch" time="0.0">
    <ignored/>
  </testcase> <!-- productSearch -->
  <testcase classname="com.nagarro.SeleniumJava.tests.Test04_FooterPage" name="verifyPaymentTest" time="0.0">
    <ignored/>
  </testcase> <!-- verifyPaymentTest -->
  <testcase classname="com.nagarro.SeleniumJava.tests.Test04_FooterPage" name="verifyFooterLogoTest" time="0.0">
    <ignored/>
  </testcase> <!-- verifyFooterLogoTest -->
  <testcase classname="com.nagarro.SeleniumJava.tests.Test04_FooterPage" name="verifyAdvertiseTest" time="0.0">
    <ignored/>
  </testcase> <!-- verifyAdvertiseTest -->
  <testcase classname="com.nagarro.SeleniumJava.tests.Test04_FooterPage" name="clickToCopyRight" time="0.0">
    <ignored/>
  </testcase> <!-- clickToCopyRight -->
  <testcase classname="com.nagarro.SeleniumJava.tests.Test04_FooterPage" name="verifyHelpCenterTest" time="0.0">
    <ignored/>
  </testcase> <!-- verifyHelpCenterTest -->
  <testcase classname="com.nagarro.SeleniumJava.tests.Test04_FooterPage" name="verifyContactUsTest" time="0.0">
    <ignored/>
  </testcase> <!-- verifyContactUsTest -->
  <testcase classname="com.nagarro.SeleniumJava.tests.Test04_FooterPage" name="verifyFacebookTest" time="0.0">
    <ignored/>
  </testcase> <!-- verifyFacebookTest -->
  <testcase classname="com.nagarro.SeleniumJava.tests.Test04_FooterPage" name="verifyGiftCardTest" time="0.0">
    <ignored/>
  </testcase> <!-- verifyGiftCardTest -->
  <testcase classname="com.nagarro.SeleniumJava.tests.Test04_FooterPage" name="verifyBecomeASellerTest" time="0.0">
    <ignored/>
  </testcase> <!-- verifyBecomeASellerTest -->
  <testcase classname="com.nagarro.SeleniumJava.tests.Test03_ProductPage" name="productAddToCart" time="0.0">
    <ignored/>
  </testcase> <!-- productAddToCart -->
</testsuite> <!-- smokepack -->
